npm verb cli C:\Program Files\nodejs\node.exe C:\Program Files\nodejs\node_modules\npm\bin\npm-cli.js
npm info using npm@8.19.2
npm info using node@v18.12.0
npm timing npm:load:whichnode Completed in 0ms
npm timing config:load:defaults Completed in 1ms
npm timing config:load:file:C:\Program Files\nodejs\node_modules\npm\npmrc Completed in 2ms
npm timing config:load:builtin Completed in 3ms
npm timing config:load:cli Completed in 1ms
npm timing config:load:env Completed in 1ms
npm timing config:load:file:C:\Users\venkatesh jeevan\testGrid\tmpTGPackages\.npmrc Completed in 1ms
npm timing config:load:project Completed in 6ms
npm timing config:load:file:C:\Users\venkatesh jeevan\.npmrc Completed in 0ms
npm timing config:load:user Completed in 0ms
npm timing config:load:file:C:\Users\venkatesh jeevan\AppData\Roaming\npm\etc\npmrc Completed in 0ms
npm timing config:load:global Completed in 0ms
npm timing config:load:validate Completed in 0ms
npm timing config:load:credentials Completed in 1ms
npm timing config:load:setEnvs Completed in 0ms
npm timing config:load Completed in 13ms
npm timing npm:load:configload Completed in 13ms
npm timing npm:load:mkdirpcache Completed in 1ms
npm timing npm:load:mkdirplogs Completed in 0ms
npm verb title npm install
npm verb argv "install" "--legacy-peer-deps" "--loglevel" "verbose"
npm timing npm:load:setTitle Completed in 1ms
npm timing config:load:flatten Completed in 2ms
npm timing npm:load:display Completed in 4ms
npm verb logfile logs-max:10 dir:C:\Users\venkatesh jeevan\AppData\Local\npm-cache\_logs
npm verb logfile C:\Users\venkatesh jeevan\AppData\Local\npm-cache\_logs\2024-07-03T12_22_42_774Z-debug-0.log
npm timing npm:load:logFile Completed in 14ms
npm timing npm:load:timers Completed in 0ms
npm timing npm:load:configScope Completed in 0ms
npm timing npm:load Completed in 33ms
npm timing arborist:ctor Completed in 1ms
npm timing arborist:ctor Completed in 0ms
npm timing idealTree:init Completed in 9ms
npm timing idealTree:userRequests Completed in 0ms
npm timing idealTree:#root Completed in 0ms
npm timing idealTree:buildDeps Completed in 1ms
npm timing idealTree:fixDepFlags Completed in 0ms
npm timing idealTree Completed in 10ms
npm timing reify:loadTrees Completed in 10ms
npm timing reify:diffTrees Completed in 1ms
npm timing reify:retireShallow Completed in 1ms
npm timing reify:createSparse Completed in 0ms
npm timing reify:loadBundles Completed in 0ms
npm timing reify:audit Completed in 1ms
npm timing reify:unpack Completed in 0ms
npm timing reify:unretire Completed in 0ms
npm timing build:queue Completed in 0ms
npm timing build:deps Completed in 1ms
npm timing build Completed in 1ms
npm timing reify:build Completed in 1ms
npm timing reify:trash Completed in 0ms
npm timing reify:save Completed in 1ms
npm timing reify Completed in 21ms

up to date, audited 1 package in 186ms

found 0 vulnerabilities
npm timing command:install Completed in 31ms
npm verb exit 0
npm timing npm Completed in 189ms
npm info ok 
